2017-03-14 01:17:18,604 [http-bio-8080-exec-3] [org.springframework.web.servlet.mvc.method.annotation.RequestMappingHandlerMapping]-[DEBUG] Did not find handler method for [/js/jquery-easyui-1.4.1/themes/icons/edit_add.png]
2017-03-14 01:17:18,608 [http-bio-8080-exec-3] [org.springframework.web.servlet.handler.SimpleUrlHandlerMapping]-[DEBUG] Matching patterns for request [/js/jquery-easyui-1.4.1/themes/icons/edit_add.png] are [/js/**]
2017-03-14 01:17:18,608 [http-bio-8080-exec-3] [org.springframework.web.servlet.handler.SimpleUrlHandlerMapping]-[DEBUG] URI Template variables for request [/js/jquery-easyui-1.4.1/themes/icons/edit_add.png] are {}
2017-03-14 01:17:18,608 [http-bio-8080-exec-3] [org.springframework.web.servlet.handler.SimpleUrlHandlerMapping]-[DEBUG] Mapping [/js/jquery-easyui-1.4.1/themes/icons/edit_add.png] to HandlerExecutionChain with handler [ResourceHttpRequestHandler [locations=[ServletContext resource [/WEB-INF/js/]], resolvers=[org.springframework.web.servlet.resource.PathResourceResolver@1395f7b]]] and 1 interceptor
2017-03-14 01:17:18,609 [http-bio-8080-exec-3] [org.springframework.web.servlet.DispatcherServlet]-[DEBUG] Last-Modified value for [/js/jquery-easyui-1.4.1/themes/icons/edit_add.png] is: -1
2017-03-14 01:17:18,608 [http-bio-8080-exec-1] [org.springframework.web.servlet.handler.SimpleUrlHandlerMapping]-[DEBUG] URI Template variables for request [/js/jquery-easyui-1.4.1/themes/default/images/pagination_icons.png] are {}
2017-03-14 01:17:18,612 [http-bio-8080-exec-1] [org.springframework.web.servlet.handler.SimpleUrlHandlerMapping]-[DEBUG] Mapping [/js/jquery-easyui-1.4.1/themes/default/images/pagination_icons.png] to HandlerExecutionChain with handler [ResourceHttpRequestHandler [locations=[ServletContext resource [/WEB-INF/js/]], resolvers=[org.springframework.web.servlet.resource.PathResourceResolver@1395f7b]]] and 1 interceptor
2017-03-14 01:17:18,612 [http-bio-8080-exec-1] [org.springframework.web.servlet.DispatcherServlet]-[DEBUG] Last-Modified value for [/js/jquery-easyui-1.4.1/themes/default/images/pagination_icons.png] is: -1
2017-03-14 01:17:18,615 [http-bio-8080-exec-1] [org.springframework.web.servlet.DispatcherServlet]-[DEBUG] Null ModelAndView returned to DispatcherServlet with name 'self-manager': assuming HandlerAdapter completed request handling
2017-03-14 01:17:18,615 [http-bio-8080-exec-1] [org.springframework.web.servlet.DispatcherServlet]-[DEBUG] Successfully completed request
2017-03-14 01:17:18,612 [http-bio-8080-exec-3] [org.springframework.web.servlet.DispatcherServlet]-[DEBUG] Null ModelAndView returned to DispatcherServlet with name 'self-manager': assuming HandlerAdapter completed request handling
2017-03-14 01:17:18,615 [http-bio-8080-exec-3] [org.springframework.web.servlet.DispatcherServlet]-[DEBUG] Successfully completed request
2017-03-14 01:17:18,621 [http-bio-8080-exec-6] [org.springframework.web.servlet.DispatcherServlet]-[DEBUG] DispatcherServlet with name 'self-manager' processing GET request for [/js/jquery-easyui-1.4.1/themes/icons/pencil.png]
2017-03-14 01:17:18,622 [http-bio-8080-exec-6] [org.springframework.web.servlet.mvc.method.annotation.RequestMappingHandlerMapping]-[DEBUG] Looking up handler method for path /js/jquery-easyui-1.4.1/themes/icons/pencil.png
2017-03-14 01:17:18,622 [http-bio-8080-exec-6] [org.springframework.web.servlet.mvc.method.annotation.RequestMappingHandlerMapping]-[DEBUG] Did not find handler method for [/js/jquery-easyui-1.4.1/themes/icons/pencil.png]
2017-03-14 01:17:18,622 [http-bio-8080-exec-6] [org.springframework.web.servlet.handler.SimpleUrlHandlerMapping]-[DEBUG] Matching patterns for request [/js/jquery-easyui-1.4.1/themes/icons/pencil.png] are [/js/**]
2017-03-14 01:17:18,623 [http-bio-8080-exec-6] [org.springframework.web.servlet.handler.SimpleUrlHandlerMapping]-[DEBUG] URI Template variables for request [/js/jquery-easyui-1.4.1/themes/icons/pencil.png] are {}
2017-03-14 01:17:18,623 [http-bio-8080-exec-6] [org.springframework.web.servlet.handler.SimpleUrlHandlerMapping]-[DEBUG] Mapping [/js/jquery-easyui-1.4.1/themes/icons/pencil.png] to HandlerExecutionChain with handler [ResourceHttpRequestHandler [locations=[ServletContext resource [/WEB-INF/js/]], resolvers=[org.springframework.web.servlet.resource.PathResourceResolver@1395f7b]]] and 1 interceptor
2017-03-14 01:17:18,623 [http-bio-8080-exec-6] [org.springframework.web.servlet.DispatcherServlet]-[DEBUG] Last-Modified value for [/js/jquery-easyui-1.4.1/themes/icons/pencil.png] is: -1
2017-03-14 01:17:18,624 [http-bio-8080-exec-6] [org.springframework.web.servlet.DispatcherServlet]-[DEBUG] Null ModelAndView returned to DispatcherServlet with name 'self-manager': assuming HandlerAdapter completed request handling
2017-03-14 01:17:18,624 [http-bio-8080-exec-6] [org.springframework.web.servlet.DispatcherServlet]-[DEBUG] Successfully completed request
2017-03-14 01:17:18,628 [http-bio-8080-exec-6] [org.springframework.web.servlet.DispatcherServlet]-[DEBUG] DispatcherServlet with name 'self-manager' processing GET request for [/js/jquery-easyui-1.4.1/themes/icons/cancel.png]
2017-03-14 01:17:18,628 [http-bio-8080-exec-6] [org.springframework.web.servlet.mvc.method.annotation.RequestMappingHandlerMapping]-[DEBUG] Looking up handler method for path /js/jquery-easyui-1.4.1/themes/icons/cancel.png
2017-03-14 01:17:18,628 [http-bio-8080-exec-6] [org.springframework.web.servlet.mvc.method.annotation.RequestMappingHandlerMapping]-[DEBUG] Did not find handler method for [/js/jquery-easyui-1.4.1/themes/icons/cancel.png]
2017-03-14 01:17:18,629 [http-bio-8080-exec-6] [org.springframework.web.servlet.handler.SimpleUrlHandlerMapping]-[DEBUG] Matching patterns for request [/js/jquery-easyui-1.4.1/themes/icons/cancel.png] are [/js/**]
2017-03-14 01:17:18,629 [http-bio-8080-exec-6] [org.springframework.web.servlet.handler.SimpleUrlHandlerMapping]-[DEBUG] URI Template variables for request [/js/jquery-easyui-1.4.1/themes/icons/cancel.png] are {}
2017-03-14 01:17:18,629 [http-bio-8080-exec-6] [org.springframework.web.servlet.handler.SimpleUrlHandlerMapping]-[DEBUG] Mapping [/js/jquery-easyui-1.4.1/themes/icons/cancel.png] to HandlerExecutionChain with handler [ResourceHttpRequestHandler [locations=[ServletContext resource [/WEB-INF/js/]], resolvers=[org.springframework.web.servlet.resource.PathResourceResolver@1395f7b]]] and 1 interceptor
2017-03-14 01:17:18,629 [http-bio-8080-exec-6] [org.springframework.web.servlet.DispatcherServlet]-[DEBUG] Last-Modified value for [/js/jquery-easyui-1.4.1/themes/icons/cancel.png] is: -1
2017-03-14 01:17:18,630 [http-bio-8080-exec-6] [org.springframework.web.servlet.DispatcherServlet]-[DEBUG] Null ModelAndView returned to DispatcherServlet with name 'self-manager': assuming HandlerAdapter completed request handling
2017-03-14 01:17:18,630 [http-bio-8080-exec-6] [org.springframework.web.servlet.DispatcherServlet]-[DEBUG] Successfully completed request
2017-03-14 01:17:18,631 [http-bio-8080-exec-2] [org.springframework.web.servlet.DispatcherServlet]-[DEBUG] DispatcherServlet with name 'self-manager' processing GET request for [/js/jquery-easyui-1.4.1/themes/icons/edit_remove.png]
2017-03-14 01:17:18,633 [http-bio-8080-exec-2] [org.springframework.web.servlet.mvc.method.annotation.RequestMappingHandlerMapping]-[DEBUG] Looking up handler method for path /js/jquery-easyui-1.4.1/themes/icons/edit_remove.png
2017-03-14 01:17:18,633 [http-bio-8080-exec-2] [org.springframework.web.servlet.mvc.method.annotation.RequestMappingHandlerMapping]-[DEBUG] Did not find handler method for [/js/jquery-easyui-1.4.1/themes/icons/edit_remove.png]
2017-03-14 01:17:18,634 [http-bio-8080-exec-2] [org.springframework.web.servlet.handler.SimpleUrlHandlerMapping]-[DEBUG] Matching patterns for request [/js/jquery-easyui-1.4.1/themes/icons/edit_remove.png] are [/js/**]
2017-03-14 01:17:18,634 [http-bio-8080-exec-2] [org.springframework.web.servlet.handler.SimpleUrlHandlerMapping]-[DEBUG] URI Template variables for request [/js/jquery-easyui-1.4.1/themes/icons/edit_remove.png] are {}
2017-03-14 01:17:18,634 [http-bio-8080-exec-2] [org.springframework.web.servlet.handler.SimpleUrlHandlerMapping]-[DEBUG] Mapping [/js/jquery-easyui-1.4.1/themes/icons/edit_remove.png] to HandlerExecutionChain with handler [ResourceHttpRequestHandler [locations=[ServletContext resource [/WEB-INF/js/]], resolvers=[org.springframework.web.servlet.resource.PathResourceResolver@1395f7b]]] and 1 interceptor
2017-03-14 01:17:18,634 [http-bio-8080-exec-2] [org.springframework.web.servlet.DispatcherServlet]-[DEBUG] Last-Modified value for [/js/jquery-easyui-1.4.1/themes/icons/edit_remove.png] is: -1
2017-03-14 01:17:18,635 [http-bio-8080-exec-2] [org.springframework.web.servlet.DispatcherServlet]-[DEBUG] Null ModelAndView returned to DispatcherServlet with name 'self-manager': assuming HandlerAdapter completed request handling
2017-03-14 01:17:18,635 [http-bio-8080-exec-2] [org.springframework.web.servlet.DispatcherServlet]-[DEBUG] Successfully completed request
2017-03-14 01:17:18,687 [http-bio-8080-exec-7] [org.springframework.web.servlet.DispatcherServlet]-[DEBUG] DispatcherServlet with name 'self-manager' processing GET request for [/js/jquery-easyui-1.4.1/themes/icons/filesave.png]
2017-03-14 01:17:18,687 [http-bio-8080-exec-7] [org.springframework.web.servlet.mvc.method.annotation.RequestMappingHandlerMapping]-[DEBUG] Looking up handler method for path /js/jquery-easyui-1.4.1/themes/icons/filesave.png
2017-03-14 01:17:18,687 [http-bio-8080-exec-7] [org.springframework.web.servlet.mvc.method.annotation.RequestMappingHandlerMapping]-[DEBUG] Did not find handler method for [/js/jquery-easyui-1.4.1/themes/icons/filesave.png]
2017-03-14 01:17:18,687 [http-bio-8080-exec-7] [org.springframework.web.servlet.handler.SimpleUrlHandlerMapping]-[DEBUG] Matching patterns for request [/js/jquery-easyui-1.4.1/themes/icons/filesave.png] are [/js/**]
2017-03-14 01:17:18,688 [http-bio-8080-exec-7] [org.springframework.web.servlet.handler.SimpleUrlHandlerMapping]-[DEBUG] URI Template variables for request [/js/jquery-easyui-1.4.1/themes/icons/filesave.png] are {}
2017-03-14 01:17:18,688 [http-bio-8080-exec-7] [org.springframework.web.servlet.handler.SimpleUrlHandlerMapping]-[DEBUG] Mapping [/js/jquery-easyui-1.4.1/themes/icons/filesave.png] to HandlerExecutionChain with handler [ResourceHttpRequestHandler [locations=[ServletContext resource [/WEB-INF/js/]], resolvers=[org.springframework.web.servlet.resource.PathResourceResolver@1395f7b]]] and 1 interceptor
2017-03-14 01:17:18,688 [http-bio-8080-exec-7] [org.springframework.web.servlet.DispatcherServlet]-[DEBUG] Last-Modified value for [/js/jquery-easyui-1.4.1/themes/icons/filesave.png] is: -1
2017-03-14 01:17:18,689 [http-bio-8080-exec-7] [org.springframework.web.servlet.DispatcherServlet]-[DEBUG] Null ModelAndView returned to DispatcherServlet with name 'self-manager': assuming HandlerAdapter completed request handling
2017-03-14 01:17:18,689 [http-bio-8080-exec-7] [org.springframework.web.servlet.DispatcherServlet]-[DEBUG] Successfully completed request
2017-03-14 01:17:18,702 [http-bio-8080-exec-7] [org.springframework.web.servlet.DispatcherServlet]-[DEBUG] DispatcherServlet with name 'self-manager' processing GET request for [/item/list]
2017-03-14 01:17:18,703 [http-bio-8080-exec-7] [org.springframework.web.servlet.mvc.method.annotation.RequestMappingHandlerMapping]-[DEBUG] Looking up handler method for path /item/list
2017-03-14 01:17:18,705 [http-bio-8080-exec-7] [org.springframework.web.servlet.mvc.method.annotation.RequestMappingHandlerMapping]-[DEBUG] Did not find handler method for [/item/list]
2017-03-14 01:17:18,706 [http-bio-8080-exec-7] [org.springframework.web.servlet.PageNotFound]-[WARN] No mapping found for HTTP request with URI [/item/list] in DispatcherServlet with name 'self-manager'
2017-03-14 01:17:18,706 [http-bio-8080-exec-7] [org.springframework.web.servlet.DispatcherServlet]-[DEBUG] Successfully completed request
